TN:
SF:src/App.tsx
FN:22,(anonymous_0)
FN:27,(anonymous_1)
FN:31,(anonymous_2)
FN:49,(anonymous_3)
FN:64,(anonymous_4)
FN:79,(anonymous_5)
FN:83,(anonymous_6)
FN:110,(anonymous_7)
FN:129,(anonymous_8)
FN:132,(anonymous_9)
FN:135,(anonymous_10)
FN:141,(anonymous_11)
FN:186,(anonymous_12)
FN:203,(anonymous_13)
FN:217,(anonymous_14)
FN:224,(anonymous_15)
FN:251,(anonymous_16)
FN:256,(anonymous_17)
FN:270,(anonymous_18)
FN:289,(anonymous_19)
FN:297,(anonymous_20)
FN:348,(anonymous_21)
FNF:22
FNH:0
FNDA:0,(anonymous_0)
FNDA:0,(anonymous_1)
FNDA:0,(anonymous_2)
FNDA:0,(anonymous_3)
FNDA:0,(anonymous_4)
FNDA:0,(anonymous_5)
FNDA:0,(anonymous_6)
FNDA:0,(anonymous_7)
FNDA:0,(anonymous_8)
FNDA:0,(anonymous_9)
FNDA:0,(anonymous_10)
FNDA:0,(anonymous_11)
FNDA:0,(anonymous_12)
FNDA:0,(anonymous_13)
FNDA:0,(anonymous_14)
FNDA:0,(anonymous_15)
FNDA:0,(anonymous_16)
FNDA:0,(anonymous_17)
FNDA:0,(anonymous_18)
FNDA:0,(anonymous_19)
FNDA:0,(anonymous_20)
FNDA:0,(anonymous_21)
DA:22,0
DA:23,0
DA:24,0
DA:25,0
DA:27,0
DA:28,0
DA:29,0
DA:30,0
DA:31,0
DA:38,0
DA:42,0
DA:43,0
DA:49,0
DA:50,0
DA:51,0
DA:52,0
DA:54,0
DA:55,0
DA:56,0
DA:58,0
DA:60,0
DA:64,0
DA:65,0
DA:66,0
DA:67,0
DA:69,0
DA:70,0
DA:71,0
DA:73,0
DA:75,0
DA:79,0
DA:80,0
DA:83,0
DA:84,0
DA:85,0
DA:86,0
DA:87,0
DA:88,0
DA:89,0
DA:93,0
DA:101,0
DA:103,0
DA:104,0
DA:105,0
DA:106,0
DA:107,0
DA:110,0
DA:111,0
DA:112,0
DA:113,0
DA:114,0
DA:115,0
DA:116,0
DA:120,0
DA:122,0
DA:123,0
DA:124,0
DA:125,0
DA:126,0
DA:129,0
DA:130,0
DA:131,0
DA:132,0
DA:135,0
DA:136,0
DA:137,0
DA:138,0
DA:141,0
DA:142,0
DA:143,0
DA:144,0
DA:147,0
DA:186,0
DA:204,0
DA:217,0
DA:224,0
DA:252,0
DA:257,0
DA:270,0
DA:289,0
DA:297,0
DA:348,0
LF:82
LH:0
BRDA:30,0,0,0
BRDA:30,0,1,0
BRDA:33,1,0,0
BRDA:33,1,1,0
BRDA:34,2,0,0
BRDA:34,2,1,0
BRDA:52,3,0,0
BRDA:52,3,1,0
BRDA:60,4,0,0
BRDA:60,4,1,0
BRDA:67,5,0,0
BRDA:67,5,1,0
BRDA:75,6,0,0
BRDA:75,6,1,0
BRDA:88,7,0,0
BRDA:88,7,1,0
BRDA:89,8,0,0
BRDA:89,8,1,0
BRDA:115,9,0,0
BRDA:115,9,1,0
BRDA:116,10,0,0
BRDA:116,10,1,0
BRDA:195,11,0,0
BRDA:195,11,1,0
BRDA:241,12,0,0
BRDA:241,12,1,0
BRDA:241,12,2,0
BRDA:261,13,0,0
BRDA:261,13,1,0
BRDA:340,14,0,0
BRDA:340,14,1,0
BRDA:343,15,0,0
BRDA:343,15,1,0
BRDA:393,16,0,0
BRDA:393,16,1,0
BRF:35
BRH:0
end_of_record
TN:
SF:src/components/CSVPreview.tsx
FN:6,(anonymous_0)
FN:32,(anonymous_1)
FN:44,(anonymous_2)
FN:55,(anonymous_3)
FN:57,(anonymous_4)
FNF:5
FNH:0
FNDA:0,(anonymous_0)
FNDA:0,(anonymous_1)
FNDA:0,(anonymous_2)
FNDA:0,(anonymous_3)
FNDA:0,(anonymous_4)
DA:6,0
DA:7,0
DA:9,0
DA:11,0
DA:26,0
DA:32,0
DA:45,0
DA:56,0
DA:58,0
LF:9
LH:0
BRDA:9,0,0,0
BRDA:9,0,1,0
BRDA:62,1,0,0
BRDA:62,1,1,0
BRF:4
BRH:0
end_of_record
TN:
SF:src/components/ConfirmationModal.tsx
FN:13,(anonymous_0)
FN:44,(anonymous_1)
FNF:2
FNH:0
FNDA:0,(anonymous_0)
FNDA:0,(anonymous_1)
DA:13,0
DA:20,0
DA:21,0
DA:23,0
DA:45,0
DA:46,0
LF:6
LH:0
BRDA:21,0,0,0
BRDA:21,0,1,0
BRF:2
BRH:0
end_of_record
TN:
SF:src/components/IssueList.tsx
FN:21,(anonymous_0)
FN:29,(anonymous_1)
FN:30,(anonymous_2)
FN:31,(anonymous_3)
FN:34,(anonymous_4)
FN:35,(anonymous_5)
FN:46,(anonymous_6)
FN:47,(anonymous_7)
FN:58,(anonymous_8)
FN:60,(anonymous_9)
FN:93,(anonymous_10)
FN:102,(anonymous_11)
FN:120,(anonymous_12)
FN:122,(anonymous_13)
FN:127,(anonymous_14)
FN:149,(anonymous_15)
FNF:16
FNH:0
FNDA:0,(anonymous_0)
FNDA:0,(anonymous_1)
FNDA:0,(anonymous_2)
FNDA:0,(anonymous_3)
FNDA:0,(anonymous_4)
FNDA:0,(anonymous_5)
FNDA:0,(anonymous_6)
FNDA:0,(anonymous_7)
FNDA:0,(anonymous_8)
FNDA:0,(anonymous_9)
FNDA:0,(anonymous_10)
FNDA:0,(anonymous_11)
FNDA:0,(anonymous_12)
FNDA:0,(anonymous_13)
FNDA:0,(anonymous_14)
FNDA:0,(anonymous_15)
DA:10,0
DA:21,0
DA:22,0
DA:23,0
DA:26,0
DA:28,0
DA:29,0
DA:30,0
DA:31,0
DA:34,0
DA:35,0
DA:36,0
DA:37,0
DA:38,0
DA:40,0
DA:42,0
DA:46,0
DA:47,0
DA:48,0
DA:49,0
DA:50,0
DA:52,0
DA:54,0
DA:58,0
DA:60,0
DA:61,0
DA:63,0
DA:64,0
DA:65,0
DA:66,0
DA:68,0
DA:71,0
DA:72,0
DA:73,0
DA:74,0
DA:76,0
DA:77,0
DA:79,0
DA:82,0
DA:84,0
DA:94,0
DA:95,0
DA:96,0
DA:97,0
DA:98,0
DA:99,0
DA:102,0
DA:121,0
DA:122,0
DA:124,0
DA:127,0
DA:150,0
DA:151,0
DA:152,0
LF:54
LH:0
BRDA:37,0,0,0
BRDA:37,0,1,0
BRDA:49,1,0,0
BRDA:49,1,1,0
BRDA:64,2,0,0
BRDA:64,2,1,0
BRDA:65,3,0,0
BRDA:65,3,1,0
BRDA:72,4,0,0
BRDA:72,4,1,0
BRDA:82,5,0,0
BRDA:82,5,1,0
BRDA:98,6,0,0
BRDA:98,6,1,0
BRDA:104,7,0,0
BRDA:104,7,1,0
BRDA:130,8,0,0
BRDA:130,8,1,0
BRDA:137,9,0,0
BRDA:137,9,1,0
BRDA:140,10,0,0
BRDA:140,10,1,0
BRDA:141,11,0,0
BRDA:141,11,1,0
BRDA:147,12,0,0
BRDA:147,12,1,0
BRDA:161,13,0,0
BRDA:161,13,1,0
BRDA:164,14,0,0
BRDA:164,14,1,0
BRDA:171,15,0,0
BRDA:171,15,1,0
BRDA:188,16,0,0
BRDA:188,16,1,0
BRF:34
BRH:0
end_of_record
TN:
SF:src/components/LanguageSelector.tsx
FN:5,(anonymous_0)
FN:14,(anonymous_1)
FN:19,(anonymous_2)
FN:30,(anonymous_3)
FN:34,(anonymous_4)
FN:37,(anonymous_5)
FNF:6
FNH:0
FNDA:0,(anonymous_0)
FNDA:0,(anonymous_1)
FNDA:0,(anonymous_2)
FNDA:0,(anonymous_3)
FNDA:0,(anonymous_4)
FNDA:0,(anonymous_5)
DA:5,0
DA:6,0
DA:7,0
DA:9,0
DA:14,0
DA:16,0
DA:19,0
DA:30,0
DA:35,0
DA:38,0
DA:39,0
LF:11
LH:0
BRDA:14,0,0,0
BRDA:14,0,1,0
BRDA:26,1,0,0
BRDA:26,1,1,0
BRDA:42,2,0,0
BRDA:42,2,1,0
BRF:6
BRH:0
end_of_record
TN:
SF:src/components/MergePanel.tsx
FN:27,(anonymous_0)
FN:35,(anonymous_1)
FN:46,(anonymous_2)
FN:52,(anonymous_3)
FN:74,(anonymous_4)
FN:75,(anonymous_5)
FN:78,(anonymous_6)
FN:79,(anonymous_7)
FN:82,(anonymous_8)
FN:83,(anonymous_9)
FN:86,(anonymous_10)
FN:87,(anonymous_11)
FN:90,(anonymous_12)
FN:91,(anonymous_13)
FN:94,(anonymous_14)
FN:103,(anonymous_15)
FN:108,(anonymous_16)
FN:127,(anonymous_17)
FN:145,(anonymous_18)
FN:146,(anonymous_19)
FN:157,(anonymous_20)
FN:158,(anonymous_21)
FN:161,(anonymous_22)
FN:165,(anonymous_23)
FN:174,(anonymous_24)
FN:179,(anonymous_25)
FN:184,(anonymous_26)
FN:189,(anonymous_27)
FN:194,(anonymous_28)
FN:199,(anonymous_29)
FN:225,(anonymous_30)
FN:288,(anonymous_31)
FN:292,(anonymous_32)
FN:324,(anonymous_33)
FN:336,(anonymous_34)
FN:382,(anonymous_35)
FN:408,(anonymous_36)
FN:445,(anonymous_37)
FN:458,(anonymous_38)
FN:464,(anonymous_39)
FN:489,(anonymous_40)
FN:505,(anonymous_41)
FNF:42
FNH:0
FNDA:0,(anonymous_0)
FNDA:0,(anonymous_1)
FNDA:0,(anonymous_2)
FNDA:0,(anonymous_3)
FNDA:0,(anonymous_4)
FNDA:0,(anonymous_5)
FNDA:0,(anonymous_6)
FNDA:0,(anonymous_7)
FNDA:0,(anonymous_8)
FNDA:0,(anonymous_9)
FNDA:0,(anonymous_10)
FNDA:0,(anonymous_11)
FNDA:0,(anonymous_12)
FNDA:0,(anonymous_13)
FNDA:0,(anonymous_14)
FNDA:0,(anonymous_15)
FNDA:0,(anonymous_16)
FNDA:0,(anonymous_17)
FNDA:0,(anonymous_18)
FNDA:0,(anonymous_19)
FNDA:0,(anonymous_20)
FNDA:0,(anonymous_21)
FNDA:0,(anonymous_22)
FNDA:0,(anonymous_23)
FNDA:0,(anonymous_24)
FNDA:0,(anonymous_25)
FNDA:0,(anonymous_26)
FNDA:0,(anonymous_27)
FNDA:0,(anonymous_28)
FNDA:0,(anonymous_29)
FNDA:0,(anonymous_30)
FNDA:0,(anonymous_31)
FNDA:0,(anonymous_32)
FNDA:0,(anonymous_33)
FNDA:0,(anonymous_34)
FNDA:0,(anonymous_35)
FNDA:0,(anonymous_36)
FNDA:0,(anonymous_37)
FNDA:0,(anonymous_38)
FNDA:0,(anonymous_39)
FNDA:0,(anonymous_40)
FNDA:0,(anonymous_41)
DA:27,2
DA:28,0
DA:29,0
DA:30,0
DA:31,0
DA:32,0
DA:33,0
DA:35,0
DA:36,0
DA:37,0
DA:38,0
DA:39,0
DA:42,0
DA:46,0
DA:47,0
DA:48,0
DA:49,0
DA:50,0
DA:52,0
DA:53,0
DA:54,0
DA:55,0
DA:57,0
DA:70,0
DA:74,0
DA:75,0
DA:78,0
DA:79,0
DA:82,0
DA:83,0
DA:86,0
DA:87,0
DA:90,0
DA:91,0
DA:94,0
DA:95,0
DA:96,0
DA:98,0
DA:101,0
DA:103,0
DA:104,0
DA:105,0
DA:108,0
DA:109,0
DA:110,0
DA:111,0
DA:127,0
DA:140,0
DA:142,0
DA:143,0
DA:145,0
DA:146,0
DA:147,0
DA:148,0
DA:149,0
DA:151,0
DA:153,0
DA:157,0
DA:158,0
DA:161,0
DA:162,0
DA:165,0
DA:166,0
DA:167,0
DA:168,0
DA:169,0
DA:170,0
DA:171,0
DA:174,0
DA:175,0
DA:176,0
DA:179,0
DA:180,0
DA:181,0
DA:184,0
DA:185,0
DA:186,0
DA:189,0
DA:190,0
DA:191,0
DA:194,0
DA:195,0
DA:196,0
DA:199,0
DA:200,0
DA:201,0
DA:202,0
DA:203,0
DA:204,0
DA:208,0
DA:216,0
DA:217,0
DA:218,0
DA:219,0
DA:220,0
DA:221,0
DA:222,0
DA:225,0
DA:226,0
DA:227,0
DA:228,0
DA:229,0
DA:230,0
DA:234,0
DA:235,0
DA:236,0
DA:237,0
DA:238,0
DA:239,0
DA:240,0
DA:243,0
DA:244,0
DA:247,0
DA:253,0
DA:259,0
DA:261,0
DA:289,0
DA:292,0
DA:324,0
DA:336,0
DA:382,0
DA:408,0
DA:445,0
DA:458,0
DA:465,0
DA:466,0
DA:467,0
DA:489,0
DA:505,0
LF:129
LH:1
BRDA:38,0,0,0
BRDA:38,0,1,0
BRDA:49,1,0,0
BRDA:49,1,1,0
BRDA:49,2,0,0
BRDA:49,2,1,0
BRDA:55,3,0,0
BRDA:55,3,1,0
BRDA:55,4,0,0
BRDA:55,4,1,0
BRDA:61,5,0,0
BRDA:61,5,1,0
BRDA:62,6,0,0
BRDA:62,6,1,0
BRDA:63,7,0,0
BRDA:63,7,1,0
BRDA:64,8,0,0
BRDA:64,8,1,0
BRDA:91,9,0,0
BRDA:91,9,1,0
BRDA:95,10,0,0
BRDA:95,10,1,0
BRDA:104,11,0,0
BRDA:104,11,1,0
BRDA:109,12,0,0
BRDA:109,12,1,0
BRDA:140,13,0,0
BRDA:140,13,1,0
BRDA:142,14,0,0
BRDA:142,14,1,0
BRDA:143,15,0,0
BRDA:143,15,1,0
BRDA:148,16,0,0
BRDA:148,16,1,0
BRDA:175,17,0,0
BRDA:175,17,1,0
BRDA:180,18,0,0
BRDA:180,18,1,0
BRDA:185,19,0,0
BRDA:185,19,1,0
BRDA:203,20,0,0
BRDA:203,20,1,0
BRDA:204,21,0,0
BRDA:204,21,1,0
BRDA:229,22,0,0
BRDA:229,22,1,0
BRDA:230,23,0,0
BRDA:230,23,1,0
BRDA:243,24,0,0
BRDA:243,24,1,0
BRDA:247,25,0,0
BRDA:247,25,1,0
BRDA:248,26,0,0
BRDA:248,26,1,0
BRDA:249,27,0,0
BRDA:249,27,1,0
BRDA:253,28,0,0
BRDA:253,28,1,0
BRDA:254,29,0,0
BRDA:254,29,1,0
BRDA:255,30,0,0
BRDA:255,30,1,0
BRDA:259,31,0,0
BRDA:259,31,1,0
BRDA:294,32,0,0
BRDA:294,32,1,0
BRDA:315,33,0,0
BRDA:315,33,1,0
BRDA:326,34,0,0
BRDA:326,34,1,0
BRDA:338,35,0,0
BRDA:338,35,1,0
BRDA:349,36,0,0
BRDA:349,36,1,0
BRDA:349,36,2,0
BRDA:357,37,0,0
BRDA:357,37,1,0
BRDA:379,38,0,0
BRDA:379,38,1,0
BRDA:385,39,0,0
BRDA:385,39,1,0
BRDA:389,40,0,0
BRDA:389,40,1,0
BRDA:398,41,0,0
BRDA:398,41,1,0
BRDA:402,42,0,0
BRDA:402,42,1,0
BRDA:411,43,0,0
BRDA:411,43,1,0
BRDA:415,44,0,0
BRDA:415,44,1,0
BRDA:424,45,0,0
BRDA:424,45,1,0
BRDA:428,46,0,0
BRDA:428,46,1,0
BRDA:437,47,0,0
BRDA:437,47,1,0
BRDA:442,48,0,0
BRDA:442,48,1,0
BRDA:465,49,0,0
BRDA:465,49,1,0
BRDA:470,50,0,0
BRDA:470,50,1,0
BRDA:481,51,0,0
BRDA:481,51,1,0
BRF:105
BRH:0
end_of_record
TN:
SF:src/components/PreviewModal.tsx
FN:12,(anonymous_0)
FN:15,(anonymous_1)
FN:16,(anonymous_2)
FN:46,(anonymous_3)
FN:51,(anonymous_4)
FN:83,(anonymous_5)
FN:86,(anonymous_6)
FN:104,(anonymous_7)
FN:112,(anonymous_8)
FNF:9
FNH:0
FNDA:0,(anonymous_0)
FNDA:0,(anonymous_1)
FNDA:0,(anonymous_2)
FNDA:0,(anonymous_3)
FNDA:0,(anonymous_4)
FNDA:0,(anonymous_5)
FNDA:0,(anonymous_6)
FNDA:0,(anonymous_7)
FNDA:0,(anonymous_8)
DA:12,0
DA:13,0
DA:15,0
DA:16,0
DA:17,0
DA:18,0
DA:19,0
DA:21,0
DA:23,0
DA:27,0
DA:28,0
DA:31,0
DA:47,0
DA:48,0
DA:49,0
DA:51,0
DA:83,0
DA:84,0
DA:86,0
DA:87,0
DA:88,0
DA:89,0
DA:90,0
DA:92,0
DA:96,0
DA:98,0
DA:104,0
DA:113,0
LF:28
LH:0
BRDA:18,0,0,0
BRDA:18,0,1,0
BRDA:27,1,0,0
BRDA:27,1,1,0
BRDA:27,2,0,0
BRDA:27,2,1,0
BRDA:48,3,0,0
BRDA:48,3,1,0
BRDA:51,4,0,0
BRDA:51,4,1,0
BRDA:51,5,0,0
BRDA:51,5,1,0
BRDA:53,6,0,0
BRDA:53,6,1,0
BRDA:54,7,0,0
BRDA:54,7,1,0
BRDA:59,8,0,0
BRDA:59,8,1,0
BRDA:60,9,0,0
BRDA:60,9,1,0
BRDA:60,10,0,0
BRDA:60,10,1,0
BRDA:62,11,0,0
BRDA:62,11,1,0
BRDA:63,12,0,0
BRDA:63,12,1,0
BRDA:64,13,0,0
BRDA:64,13,1,0
BRDA:66,14,0,0
BRDA:66,14,1,0
BRDA:66,14,2,0
BRDA:87,15,0,0
BRDA:87,15,1,0
BRDA:96,16,0,0
BRDA:96,16,1,0
BRDA:119,17,0,0
BRDA:119,17,1,0
BRDA:123,18,0,0
BRDA:123,18,1,0
BRDA:127,19,0,0
BRDA:127,19,1,0
BRDA:128,20,0,0
BRDA:128,20,1,0
BRDA:128,21,0,0
BRDA:128,21,1,0
BRDA:134,22,0,0
BRDA:134,22,1,0
BRDA:135,23,0,0
BRDA:135,23,1,0
BRDA:135,24,0,0
BRDA:135,24,1,0
BRF:51
BRH:0
end_of_record
TN:
SF:src/components/ProgressIndicator.tsx
FN:7,(anonymous_0)
FN:26,(anonymous_1)
FN:54,(anonymous_2)
FNF:3
FNH:0
FNDA:0,(anonymous_0)
FNDA:0,(anonymous_1)
FNDA:0,(anonymous_2)
DA:7,0
DA:8,0
DA:10,0
DA:11,0
DA:14,0
DA:15,0
DA:17,0
DA:26,0
DA:54,0
LF:9
LH:0
BRDA:10,0,0,0
BRDA:10,0,1,0
BRDA:10,1,0,0
BRDA:10,1,1,0
BRDA:15,2,0,0
BRDA:15,2,1,0
BRDA:47,3,0,0
BRDA:47,3,1,0
BRF:8
BRH:0
end_of_record
TN:
SF:src/components/ReportPanel.tsx
FN:7,(anonymous_0)
FN:14,(anonymous_1)
FN:17,(anonymous_2)
FN:18,(anonymous_3)
FN:19,(anonymous_4)
FN:21,(anonymous_5)
FN:24,(anonymous_6)
FN:25,(anonymous_7)
FN:29,(anonymous_8)
FN:30,(anonymous_9)
FN:106,(anonymous_10)
FNF:11
FNH:0
FNDA:0,(anonymous_0)
FNDA:0,(anonymous_1)
FNDA:0,(anonymous_2)
FNDA:0,(anonymous_3)
FNDA:0,(anonymous_4)
FNDA:0,(anonymous_5)
FNDA:0,(anonymous_6)
FNDA:0,(anonymous_7)
FNDA:0,(anonymous_8)
FNDA:0,(anonymous_9)
FNDA:0,(anonymous_10)
DA:7,0
DA:8,0
DA:10,0
DA:12,0
DA:14,0
DA:17,0
DA:18,0
DA:19,0
DA:21,0
DA:22,0
DA:24,0
DA:25,0
DA:27,0
DA:28,0
DA:29,0
DA:30,0
DA:31,0
DA:32,0
DA:36,0
DA:37,0
DA:39,0
DA:107,0
LF:22
LH:0
BRDA:10,0,0,0
BRDA:10,0,1,0
BRDA:14,1,0,0
BRDA:14,1,1,0
BRDA:22,2,0,0
BRDA:22,2,1,0
BRDA:25,3,0,0
BRDA:25,3,1,0
BRDA:31,4,0,0
BRDA:31,4,1,0
BRDA:32,5,0,0
BRDA:32,5,1,0
BRDA:54,6,0,0
BRDA:54,6,1,0
BRDA:55,7,0,0
BRDA:55,7,1,0
BRDA:56,8,0,0
BRDA:56,8,1,0
BRDA:56,9,0,0
BRDA:56,9,1,0
BRDA:64,10,0,0
BRDA:64,10,1,0
BRDA:69,11,0,0
BRDA:69,11,1,0
BRDA:87,12,0,0
BRDA:87,12,1,0
BRDA:104,13,0,0
BRDA:104,13,1,0
BRDA:109,14,0,0
BRDA:109,14,1,0
BRF:30
BRH:0
end_of_record
TN:
SF:src/components/ShareMenu.tsx
FNF:0
FNH:0
LF:0
LH:0
BRF:0
BRH:0
end_of_record
TN:
SF:src/components/ValidationStatusBadge.tsx
FN:7,(anonymous_0)
FN:14,(anonymous_1)
FN:17,(anonymous_2)
FN:18,(anonymous_3)
FNF:4
FNH:0
FNDA:0,(anonymous_0)
FNDA:0,(anonymous_1)
FNDA:0,(anonymous_2)
FNDA:0,(anonymous_3)
DA:7,0
DA:8,0
DA:10,0
DA:12,0
DA:14,0
DA:17,0
DA:18,0
DA:20,0
DA:21,0
DA:30,0
DA:31,0
DA:40,0
LF:12
LH:0
BRDA:10,0,0,0
BRDA:10,0,1,0
BRDA:14,1,0,0
BRDA:14,1,1,0
BRDA:20,2,0,0
BRDA:20,2,1,0
BRDA:30,3,0,0
BRDA:30,3,1,0
BRF:8
BRH:0
end_of_record
TN:
SF:src/components/ValidationSummary.tsx
FN:7,(anonymous_0)
FN:12,(anonymous_1)
FN:15,(anonymous_2)
FN:16,(anonymous_3)
FN:45,(anonymous_4)
FN:47,(anonymous_5)
FN:51,(anonymous_6)
FN:52,(anonymous_7)
FNF:8
FNH:0
FNDA:0,(anonymous_0)
FNDA:0,(anonymous_1)
FNDA:0,(anonymous_2)
FNDA:0,(anonymous_3)
FNDA:0,(anonymous_4)
FNDA:0,(anonymous_5)
FNDA:0,(anonymous_6)
FNDA:0,(anonymous_7)
DA:7,0
DA:8,0
DA:10,0
DA:12,0
DA:13,0
DA:15,0
DA:16,0
DA:18,0
DA:45,0
DA:46,0
DA:47,0
DA:48,0
DA:50,0
DA:51,0
DA:52,0
DA:53,0
DA:55,0
LF:17
LH:0
BRDA:10,0,0,0
BRDA:10,0,1,0
BRDA:13,1,0,0
BRDA:13,1,1,0
BRDA:16,2,0,0
BRDA:16,2,1,0
BRDA:48,3,0,0
BRDA:48,3,1,0
BRDA:50,4,0,0
BRDA:50,4,1,0
BRDA:53,5,0,0
BRDA:53,5,1,0
BRDA:57,6,0,0
BRDA:57,6,1,0
BRDA:62,7,0,0
BRDA:62,7,1,0
BRF:16
BRH:0
end_of_record
TN:
SF:src/i18n/index.ts
FNF:0
FNH:0
DA:5,0
DA:260,0
LF:2
LH:0
BRF:0
BRH:0
end_of_record
TN:
SF:src/merge/index.ts
FNF:0
FNH:0
LF:0
LH:0
BRF:0
BRH:0
end_of_record
TN:
SF:src/merge/singleStatement.ts
FN:22,previewSingleStatementMerge
FN:51,mergeSingleStatement
FN:70,(anonymous_2)
FN:82,(anonymous_3)
FN:100,(anonymous_4)
FN:104,recalculateClosingBalance
FN:129,validateMergeResult
FN:135,(anonymous_7)
FN:140,(anonymous_8)
FNF:9
FNH:9
FNDA:2,previewSingleStatementMerge
FNDA:15,mergeSingleStatement
FNDA:5,(anonymous_2)
FNDA:8,(anonymous_3)
FNDA:10,(anonymous_4)
FNDA:14,recalculateClosingBalance
FNDA:4,validateMergeResult
FNDA:5,(anonymous_7)
FNDA:1,(anonymous_8)
DA:26,2
DA:28,2
DA:29,1
DA:37,1
DA:39,1
DA:52,15
DA:53,1
DA:56,14
DA:57,9
DA:58,9
DA:59,9
DA:70,5
DA:71,5
DA:74,5
DA:75,5
DA:77,5
DA:78,5
DA:79,10
DA:82,5
DA:83,8
DA:84,8
DA:85,5
DA:88,5
DA:93,5
DA:100,10
DA:108,14
DA:110,14
DA:111,25
DA:112,21
DA:114,4
DA:118,14
DA:119,14
DA:121,14
DA:133,4
DA:135,5
DA:136,4
DA:137,1
DA:140,4
DA:141,1
DA:143,4
DA:145,4
DA:146,1
DA:149,4
LF:43
LH:43
BRDA:24,0,0,2
BRDA:28,1,0,1
BRDA:28,1,1,1
BRDA:31,2,0,1
BRDA:31,2,1,0
BRDA:52,3,0,1
BRDA:52,3,1,14
BRDA:56,4,0,9
BRDA:56,4,1,5
BRDA:84,5,0,3
BRDA:84,5,1,5
BRDA:108,6,0,12
BRDA:108,6,1,2
BRDA:111,7,0,21
BRDA:111,7,1,4
BRDA:119,8,0,14
BRDA:119,8,1,0
BRDA:136,9,0,1
BRDA:136,9,1,3
BRDA:145,10,0,1
BRDA:145,10,1,3
BRF:21
BRH:19
end_of_record
TN:
SF:src/stores/FileStore.ts
FN:40,generateUUID
FN:44,(anonymous_1)
FN:83,(anonymous_2)
FN:89,(anonymous_3)
FN:92,(anonymous_4)
FN:102,(anonymous_5)
FN:106,(anonymous_6)
FN:116,(anonymous_7)
FN:131,(anonymous_8)
FN:133,(anonymous_9)
FN:139,(anonymous_10)
FN:141,(anonymous_11)
FN:152,(anonymous_12)
FN:158,(anonymous_13)
FN:173,(anonymous_14)
FN:190,(anonymous_15)
FN:205,(anonymous_16)
FN:217,(anonymous_17)
FN:224,(anonymous_18)
FN:226,(anonymous_19)
FN:239,(anonymous_20)
FN:245,(anonymous_21)
FN:246,(anonymous_22)
FN:247,(anonymous_23)
FN:251,(anonymous_24)
FN:258,(anonymous_25)
FN:259,(anonymous_26)
FN:264,(anonymous_27)
FN:265,(anonymous_28)
FN:270,(anonymous_29)
FN:271,(anonymous_30)
FN:274,(anonymous_31)
FN:295,(anonymous_32)
FN:307,(anonymous_33)
FN:347,(anonymous_34)
FN:393,(anonymous_35)
FN:411,(anonymous_36)
FN:464,(anonymous_37)
FN:469,(anonymous_38)
FN:470,(anonymous_39)
FN:481,(anonymous_40)
FN:482,(anonymous_41)
FNF:42
FNH:19
FNDA:0,generateUUID
FNDA:0,(anonymous_1)
FNDA:0,(anonymous_2)
FNDA:0,(anonymous_3)
FNDA:9,(anonymous_4)
FNDA:26,(anonymous_5)
FNDA:0,(anonymous_6)
FNDA:0,(anonymous_7)
FNDA:0,(anonymous_8)
FNDA:0,(anonymous_9)
FNDA:0,(anonymous_10)
FNDA:0,(anonymous_11)
FNDA:0,(anonymous_12)
FNDA:0,(anonymous_13)
FNDA:0,(anonymous_14)
FNDA:0,(anonymous_15)
FNDA:0,(anonymous_16)
FNDA:0,(anonymous_17)
FNDA:0,(anonymous_18)
FNDA:0,(anonymous_19)
FNDA:0,(anonymous_20)
FNDA:3,(anonymous_21)
FNDA:3,(anonymous_22)
FNDA:3,(anonymous_23)
FNDA:6,(anonymous_24)
FNDA:5,(anonymous_25)
FNDA:5,(anonymous_26)
FNDA:3,(anonymous_27)
FNDA:3,(anonymous_28)
FNDA:2,(anonymous_29)
FNDA:1,(anonymous_30)
FNDA:2,(anonymous_31)
FNDA:2,(anonymous_32)
FNDA:3,(anonymous_33)
FNDA:0,(anonymous_34)
FNDA:0,(anonymous_35)
FNDA:0,(anonymous_36)
FNDA:0,(anonymous_37)
FNDA:27,(anonymous_38)
FNDA:27,(anonymous_39)
FNDA:1,(anonymous_40)
FNDA:1,(anonymous_41)
DA:41,0
DA:42,0
DA:44,0
DA:45,0
DA:46,0
DA:47,0
DA:71,26
DA:72,26
DA:73,26
DA:74,26
DA:75,26
DA:76,26
DA:77,26
DA:78,26
DA:79,26
DA:80,26
DA:84,0
DA:85,0
DA:87,0
DA:88,0
DA:89,0
DA:93,9
DA:94,6
DA:95,6
DA:96,6
DA:98,0
DA:103,26
DA:107,0
DA:109,0
DA:110,0
DA:113,0
DA:114,0
DA:116,0
DA:117,0
DA:118,0
DA:128,0
DA:131,0
DA:132,0
DA:133,0
DA:134,0
DA:135,0
DA:138,0
DA:139,0
DA:140,0
DA:141,0
DA:142,0
DA:143,0
DA:145,0
DA:146,0
DA:147,0
DA:148,0
DA:149,0
DA:150,0
DA:152,0
DA:153,0
DA:156,0
DA:157,0
DA:158,0
DA:159,0
DA:160,0
DA:162,0
DA:169,0
DA:172,0
DA:173,0
DA:174,0
DA:177,0
DA:178,0
DA:179,0
DA:180,0
DA:182,0
DA:185,0
DA:186,0
DA:190,0
DA:191,0
DA:192,0
DA:193,0
DA:194,0
DA:197,0
DA:204,0
DA:205,0
DA:206,0
DA:207,0
DA:209,0
DA:217,0
DA:218,0
DA:219,0
DA:221,0
DA:224,0
DA:225,0
DA:226,0
DA:227,0
DA:228,0
DA:230,0
DA:232,0
DA:235,0
DA:239,0
DA:240,0
DA:241,0
DA:245,3
DA:246,3
DA:247,3
DA:248,3
DA:249,3
DA:251,6
DA:252,3
DA:253,1
DA:258,5
DA:259,5
DA:260,5
DA:264,3
DA:265,3
DA:266,3
DA:271,2
DA:275,2
DA:276,2
DA:278,2
DA:279,1
DA:281,1
DA:282,2
DA:283,3
DA:284,3
DA:286,3
DA:287,3
DA:292,2
DA:296,2
DA:297,1
DA:298,1
DA:299,1
DA:300,1
DA:304,1
DA:308,3
DA:309,3
DA:311,3
DA:312,2
DA:314,2
DA:315,2
DA:317,3
DA:320,3
DA:321,1
DA:324,2
DA:326,2
DA:344,3
DA:348,0
DA:349,0
DA:351,0
DA:352,0
DA:354,0
DA:355,0
DA:356,0
DA:358,0
DA:359,0
DA:361,0
DA:365,0
DA:390,0
DA:393,0
DA:394,0
DA:397,0
DA:398,0
DA:399,0
DA:400,0
DA:405,0
DA:406,0
DA:407,0
DA:411,0
DA:417,0
DA:418,0
DA:420,0
DA:421,0
DA:423,0
DA:424,0
DA:426,0
DA:439,0
DA:440,0
DA:441,0
DA:461,0
DA:462,0
DA:464,0
DA:465,0
DA:469,27
DA:470,27
DA:471,27
DA:472,27
DA:473,27
DA:474,27
DA:475,27
DA:476,27
DA:477,27
DA:481,1
DA:482,1
DA:483,1
DA:484,1
DA:489,26
LF:192
LH:73
BRDA:41,0,0,0
BRDA:41,0,1,0
BRDA:41,1,0,0
BRDA:41,1,1,0
BRDA:46,2,0,0
BRDA:46,2,1,0
BRDA:84,3,0,0
BRDA:84,3,1,0
BRDA:84,4,0,0
BRDA:84,4,1,0
BRDA:93,5,0,3
BRDA:93,5,1,6
BRDA:109,6,0,0
BRDA:109,6,1,0
BRDA:145,7,0,0
BRDA:145,7,1,0
BRDA:157,8,0,0
BRDA:157,8,1,0
BRDA:179,9,0,0
BRDA:179,9,1,0
BRDA:185,10,0,0
BRDA:185,10,1,0
BRDA:210,11,0,0
BRDA:210,11,1,0
BRDA:211,12,0,0
BRDA:211,12,1,0
BRDA:240,13,0,0
BRDA:240,13,1,0
BRDA:248,14,0,3
BRDA:248,14,1,0
BRDA:252,15,0,1
BRDA:252,15,1,2
BRDA:279,16,0,0
BRDA:279,16,1,1
BRDA:284,17,0,0
BRDA:284,17,1,3
BRDA:286,18,0,1
BRDA:286,18,1,2
BRDA:286,19,0,3
BRDA:286,19,1,2
BRDA:287,20,0,2
BRDA:287,20,1,1
BRDA:287,21,0,3
BRDA:287,21,1,2
BRDA:297,22,0,0
BRDA:297,22,1,1
BRDA:299,23,0,1
BRDA:299,23,1,0
BRDA:312,24,0,0
BRDA:312,24,1,2
BRDA:320,25,0,1
BRDA:320,25,1,2
BRDA:327,26,0,2
BRDA:327,26,1,0
BRDA:329,27,0,3
BRDA:329,27,1,0
BRDA:330,28,0,3
BRDA:330,28,1,1
BRDA:331,29,0,3
BRDA:331,29,1,0
BRDA:332,30,0,3
BRDA:332,30,1,2
BRDA:333,31,0,3
BRDA:333,31,1,2
BRDA:334,32,0,3
BRDA:334,32,1,2
BRDA:335,33,0,3
BRDA:335,33,1,2
BRDA:336,34,0,3
BRDA:336,34,1,0
BRDA:337,35,0,3
BRDA:337,35,1,2
BRDA:338,36,0,3
BRDA:338,36,1,2
BRDA:352,37,0,0
BRDA:352,37,1,0
BRDA:358,38,0,0
BRDA:358,38,1,0
BRDA:361,39,0,0
BRDA:361,39,1,0
BRDA:368,40,0,0
BRDA:368,40,1,0
BRDA:369,41,0,0
BRDA:369,41,1,0
BRDA:369,41,2,0
BRDA:370,42,0,0
BRDA:370,42,1,0
BRDA:371,43,0,0
BRDA:371,43,1,0
BRDA:372,44,0,0
BRDA:372,44,1,0
BRDA:373,45,0,0
BRDA:373,45,1,0
BRDA:374,46,0,0
BRDA:374,46,1,0
BRDA:375,47,0,0
BRDA:375,47,1,0
BRDA:377,48,0,0
BRDA:377,48,1,0
BRDA:378,49,0,0
BRDA:378,49,1,0
BRDA:379,50,0,0
BRDA:379,50,1,0
BRDA:380,51,0,0
BRDA:380,51,1,0
BRDA:381,52,0,0
BRDA:381,52,1,0
BRDA:382,53,0,0
BRDA:382,53,1,0
BRDA:383,54,0,0
BRDA:383,54,1,0
BRDA:399,55,0,0
BRDA:399,55,1,0
BRDA:405,56,0,0
BRDA:405,56,1,0
BRDA:421,57,0,0
BRDA:421,57,1,0
BRF:117
BRH:38
end_of_record
TN:
SF:src/types/mt940.ts
FNF:0
FNH:0
LF:0
LH:0
BRF:0
BRH:0
end_of_record
TN:
SF:src/types/validation.ts
FNF:0
FNH:0
LF:0
LH:0
BRF:0
BRH:0
end_of_record
TN:
SF:src/utils/csv.ts
FN:3,escapeCSVField
FN:16,rowToCSV
FN:17,(anonymous_2)
FN:20,toCSV
FN:22,(anonymous_4)
FN:23,(anonymous_5)
FNF:6
FNH:6
FNDA:39,escapeCSVField
FNDA:7,rowToCSV
FNDA:16,(anonymous_2)
FNDA:3,toCSV
FNDA:6,(anonymous_4)
FNDA:5,(anonymous_5)
DA:1,4
DA:4,39
DA:6,39
DA:7,8
DA:10,39
DA:11,15
DA:13,24
DA:17,16
DA:21,3
DA:22,6
DA:23,5
DA:29,4
DA:37,4
LF:13
LH:13
BRDA:3,0,0,39
BRDA:4,1,0,39
BRDA:4,1,1,2
BRDA:6,2,0,8
BRDA:6,2,1,31
BRDA:6,3,0,39
BRDA:6,3,1,37
BRDA:6,3,2,35
BRDA:10,4,0,15
BRDA:10,4,1,24
BRDA:10,5,0,39
BRDA:10,5,1,35
BRDA:10,5,2,33
BRDA:10,5,3,32
BRDA:10,5,4,32
BRDA:16,6,0,7
BRDA:20,7,0,3
BRF:17
BRH:17
end_of_record
TN:
SF:src/utils/encoding.ts
FN:11,hasUtf8BOM
FN:18,tryDecode
FN:27,detectAndDecode
FN:49,decodeText
FNF:4
FNH:4
FNDA:6,hasUtf8BOM
FNDA:7,tryDecode
FNDA:6,detectAndDecode
FNDA:1,decodeText
DA:9,1
DA:12,6
DA:19,7
DA:20,7
DA:21,7
DA:23,1
DA:28,6
DA:29,6
DA:30,6
DA:33,6
DA:34,6
DA:35,5
DA:39,1
DA:40,1
DA:41,1
DA:45,0
DA:46,0
DA:50,1
LF:18
LH:16
BRDA:12,0,0,6
BRDA:12,0,1,5
BRDA:12,0,2,1
BRDA:12,0,3,1
BRDA:29,1,0,1
BRDA:29,1,1,5
BRDA:30,2,0,1
BRDA:30,2,1,5
BRDA:34,3,0,5
BRDA:34,3,1,1
BRDA:40,4,0,1
BRDA:40,4,1,0
BRF:12
BRH:11
end_of_record
TN:
SF:src/utils/exportValidation.ts
FN:5,serializeDecimal
FN:12,serializeStatement
FN:23,(anonymous_2)
FN:30,buildValidationResult
FN:49,(anonymous_4)
FN:55,(anonymous_5)
FN:58,(anonymous_6)
FN:59,(anonymous_7)
FN:70,(anonymous_8)
FN:71,(anonymous_9)
FN:72,(anonymous_10)
FN:102,validationResultToJSON
FN:110,generateValidationReport
FN:136,(anonymous_13)
FN:137,(anonymous_14)
FN:138,(anonymous_15)
FN:176,downloadFile
FNF:17
FNH:0
FNDA:0,serializeDecimal
FNDA:0,serializeStatement
FNDA:0,(anonymous_2)
FNDA:0,buildValidationResult
FNDA:0,(anonymous_4)
FNDA:0,(anonymous_5)
FNDA:0,(anonymous_6)
FNDA:0,(anonymous_7)
FNDA:0,(anonymous_8)
FNDA:0,(anonymous_9)
FNDA:0,(anonymous_10)
FNDA:0,validationResultToJSON
FNDA:0,generateValidationReport
FNDA:0,(anonymous_13)
FNDA:0,(anonymous_14)
FNDA:0,(anonymous_15)
FNDA:0,downloadFile
DA:6,0
DA:7,0
DA:9,0
DA:13,0
DA:23,0
DA:34,0
DA:35,0
DA:37,0
DA:38,0
DA:39,0
DA:42,0
DA:49,0
DA:53,0
DA:55,0
DA:58,0
DA:59,0
DA:61,0
DA:62,0
DA:63,0
DA:64,0
DA:65,0
DA:66,0
DA:70,0
DA:71,0
DA:72,0
DA:74,0
DA:85,0
DA:92,0
DA:103,0
DA:107,0
DA:111,0
DA:112,0
DA:114,0
DA:115,0
DA:116,0
DA:118,0
DA:119,0
DA:120,0
DA:121,0
DA:122,0
DA:123,0
DA:124,0
DA:125,0
DA:127,0
DA:129,0
DA:130,0
DA:131,0
DA:132,0
DA:134,0
DA:136,0
DA:137,0
DA:138,0
DA:140,0
DA:141,0
DA:142,0
DA:143,0
DA:144,0
DA:146,0
DA:149,0
DA:150,0
DA:151,0
DA:152,0
DA:153,0
DA:155,0
DA:158,0
DA:159,0
DA:160,0
DA:161,0
DA:162,0
DA:164,0
DA:167,0
DA:168,0
DA:169,0
DA:170,0
DA:173,0
DA:177,0
DA:178,0
DA:179,0
DA:180,0
DA:181,0
DA:182,0
LF:81
LH:0
BRDA:6,0,0,0
BRDA:6,0,1,0
BRDA:38,1,0,0
BRDA:38,1,1,0
BRDA:48,2,0,0
BRDA:48,2,1,0
BRDA:49,3,0,0
BRDA:49,3,1,0
BRDA:55,4,0,0
BRDA:55,4,1,0
BRDA:65,5,0,0
BRDA:65,5,1,0
BRDA:65,6,0,0
BRDA:65,6,1,0
BRDA:66,7,0,0
BRDA:66,7,1,0
BRDA:66,8,0,0
BRDA:66,8,1,0
BRDA:87,9,0,0
BRDA:87,9,1,0
BRDA:122,10,0,0
BRDA:122,10,1,0
BRDA:123,11,0,0
BRDA:123,11,1,0
BRDA:124,12,0,0
BRDA:124,12,1,0
BRDA:130,13,0,0
BRDA:130,13,1,0
BRDA:131,14,0,0
BRDA:131,14,1,0
BRDA:140,15,0,0
BRDA:140,15,1,0
BRDA:143,16,0,0
BRDA:143,16,1,0
BRDA:143,17,0,0
BRDA:143,17,1,0
BRDA:149,18,0,0
BRDA:149,18,1,0
BRDA:152,19,0,0
BRDA:152,19,1,0
BRDA:152,20,0,0
BRDA:152,20,1,0
BRDA:158,21,0,0
BRDA:158,21,1,0
BRDA:161,22,0,0
BRDA:161,22,1,0
BRDA:161,23,0,0
BRDA:161,23,1,0
BRDA:167,24,0,0
BRDA:167,24,1,0
BRF:50
BRH:0
end_of_record
TN:
SF:src/utils/mt940Writer.ts
FN:65,formatDate
FN:71,formatAmount
FN:78,formatBalanceLine
FN:90,formatTransactionLine
FN:106,formatInfoLine
FN:120,writeMT940
FN:157,convertParsedToWritable
FN:160,(anonymous_7)
FN:177,(anonymous_8)
FNF:9
FNH:6
FNDA:68,formatDate
FNDA:50,formatAmount
FNDA:32,formatBalanceLine
FNDA:18,formatTransactionLine
FNDA:18,formatInfoLine
FNDA:16,writeMT940
FNDA:0,convertParsedToWritable
FNDA:0,(anonymous_7)
FNDA:0,(anonymous_8)
DA:66,68
DA:67,68
DA:68,68
DA:72,50
DA:73,50
DA:74,50
DA:75,50
DA:82,32
DA:83,32
DA:84,32
DA:85,32
DA:86,32
DA:87,32
DA:91,18
DA:92,18
DA:93,18
DA:94,18
DA:95,18
DA:96,18
DA:97,18
DA:99,18
DA:100,18
DA:101,2
DA:103,18
DA:107,18
DA:108,18
DA:109,18
DA:110,18
DA:111,15
DA:113,3
DA:114,3
DA:115,6
DA:117,3
DA:124,16
DA:126,16
DA:127,16
DA:128,16
DA:129,16
DA:131,16
DA:132,16
DA:133,16
DA:135,16
DA:136,16
DA:139,16
DA:140,18
DA:141,18
DA:142,18
DA:143,18
DA:147,16
DA:148,16
DA:151,16
DA:154,16
DA:158,0
DA:160,0
DA:177,0
LF:55
LH:52
BRDA:66,0,0,0
BRDA:66,0,1,68
BRDA:68,1,0,68
BRDA:68,1,1,0
BRDA:72,2,0,0
BRDA:72,2,1,50
BRDA:82,3,0,0
BRDA:82,3,1,32
BRDA:83,4,0,29
BRDA:83,4,1,3
BRDA:85,5,0,32
BRDA:85,5,1,0
BRDA:91,6,0,18
BRDA:91,6,1,0
BRDA:92,7,0,18
BRDA:92,7,1,0
BRDA:93,8,0,18
BRDA:93,8,1,7
BRDA:93,9,0,7
BRDA:93,9,1,0
BRDA:94,10,0,16
BRDA:94,10,1,2
BRDA:96,11,0,18
BRDA:96,11,1,0
BRDA:97,12,0,18
BRDA:97,12,1,0
BRDA:100,13,0,2
BRDA:100,13,1,16
BRDA:107,14,0,0
BRDA:107,14,1,18
BRDA:110,15,0,15
BRDA:110,15,1,3
BRDA:122,16,0,16
BRDA:127,17,0,16
BRDA:127,17,1,14
BRDA:127,17,2,14
BRDA:129,18,0,16
BRDA:129,18,1,0
BRDA:131,19,0,16
BRDA:131,19,1,0
BRDA:132,20,0,16
BRDA:132,20,1,0
BRDA:135,21,0,16
BRDA:135,21,1,0
BRDA:139,22,0,16
BRDA:139,22,1,0
BRDA:142,23,0,18
BRDA:142,23,1,0
BRDA:147,24,0,16
BRDA:147,24,1,0
BRDA:158,25,0,0
BRDA:158,25,1,0
BRDA:162,26,0,0
BRDA:162,26,1,0
BRDA:165,27,0,0
BRDA:165,27,1,0
BRDA:167,28,0,0
BRDA:167,28,1,0
BRDA:168,29,0,0
BRDA:168,29,1,0
BRDA:171,30,0,0
BRDA:171,30,1,0
BRDA:173,31,0,0
BRDA:173,31,1,0
BRDA:174,32,0,0
BRDA:174,32,1,0
BRDA:177,33,0,0
BRDA:177,33,1,0
BRDA:179,34,0,0
BRDA:179,34,1,0
BRDA:180,35,0,0
BRDA:180,35,1,0
BRDA:185,36,0,0
BRDA:185,36,1,0
BRF:74
BRH:32
end_of_record
TN:
SF:src/utils/safety.ts
FN:15,(anonymous_0)
FN:21,isBinaryContent
FN:38,validateUtf8
FN:48,validateTextFile
FN:74,hasAllowedExtension
FN:82,isMacOSMetadata
FN:91,getZipEntryDeclaredSize
FN:96,extractZipSafely
FN:108,(anonymous_8)
FNF:9
FNH:9
FNDA:5,(anonymous_0)
FNDA:7,isBinaryContent
FNDA:4,validateUtf8
FNDA:3,validateTextFile
FNDA:118,hasAllowedExtension
FNDA:121,isMacOSMetadata
FNDA:16,getZipEntryDeclaredSize
FNDA:11,extractZipSafely
FNDA:123,(anonymous_8)
DA:3,1
DA:9,1
DA:16,5
DA:17,5
DA:22,7
DA:23,7
DA:25,6
DA:26,6
DA:27,272
DA:30,272
DA:31,112
DA:35,6
DA:39,4
DA:40,4
DA:41,4
DA:42,4
DA:44,2
DA:49,3
DA:50,1
DA:52,2
DA:53,1
DA:72,1
DA:75,118
DA:76,118
DA:77,118
DA:78,117
DA:79,117
DA:83,121
DA:92,16
DA:93,16
DA:98,11
DA:99,11
DA:101,2
DA:102,2
DA:103,1
DA:105,1
DA:108,123
DA:109,9
DA:110,9
DA:113,9
DA:114,121
DA:115,121
DA:116,3
DA:117,118
DA:118,0
DA:119,118
DA:120,3
DA:122,115
DA:126,9
DA:127,1
DA:131,8
DA:132,8
DA:133,8
DA:134,14
DA:135,14
DA:136,1
DA:138,13
DA:139,13
DA:143,8
DA:144,0
DA:147,8
DA:148,8
DA:151,8
DA:152,13
DA:153,13
DA:154,13
DA:156,13
DA:157,0
DA:158,0
DA:161,13
DA:162,13
DA:163,0
DA:164,0
DA:167,13
DA:169,0
DA:170,0
DA:171,0
DA:173,0
DA:178,8
LF:79
LH:69
BRDA:23,0,0,1
BRDA:23,0,1,6
BRDA:30,1,0,112
BRDA:30,1,1,160
BRDA:30,2,0,272
BRDA:30,2,1,232
BRDA:30,2,2,211
BRDA:30,2,3,160
BRDA:49,3,0,1
BRDA:49,3,1,2
BRDA:52,4,0,1
BRDA:52,4,1,1
BRDA:75,5,0,118
BRDA:75,5,1,0
BRDA:77,6,0,1
BRDA:77,6,1,117
BRDA:83,7,0,121
BRDA:83,7,1,120
BRDA:83,7,2,118
BRDA:93,8,0,16
BRDA:93,8,1,1
BRDA:101,9,0,2
BRDA:101,9,1,0
BRDA:102,10,0,1
BRDA:102,10,1,1
BRDA:102,11,0,2
BRDA:102,11,1,1
BRDA:114,12,0,121
BRDA:114,12,1,0
BRDA:115,13,0,3
BRDA:115,13,1,118
BRDA:117,14,0,0
BRDA:117,14,1,118
BRDA:119,15,0,3
BRDA:119,15,1,115
BRDA:126,16,0,1
BRDA:126,16,1,8
BRDA:135,17,0,1
BRDA:135,17,1,13
BRDA:143,18,0,0
BRDA:143,18,1,8
BRDA:156,19,0,0
BRDA:156,19,1,13
BRDA:162,20,0,0
BRDA:162,20,1,13
BRDA:169,21,0,0
BRDA:169,21,1,0
BRDA:170,22,0,0
BRDA:170,22,1,0
BRDA:170,23,0,0
BRDA:170,23,1,0
BRF:51
BRH:38
end_of_record
TN:
SF:src/validation/arithmetic.ts
FN:20,createIssue
FN:30,calculateTransactionTotals
FN:50,getSignedBalance
FN:54,validateArithmetic
FN:100,formatBreakdown
FNF:5
FNH:5
FNDA:4,createIssue
FNDA:220,calculateTransactionTotals
FNDA:444,getSignedBalance
FNDA:218,validateArithmetic
FNDA:2,formatBreakdown
DA:27,4
DA:35,220
DA:36,220
DA:38,220
DA:39,328
DA:40,318
DA:42,10
DA:46,220
DA:47,220
DA:51,444
DA:60,218
DA:62,218
DA:63,218
DA:65,218
DA:66,218
DA:68,218
DA:69,218
DA:71,218
DA:82,218
DA:83,4
DA:94,4
DA:97,218
DA:101,2
LF:23
LH:23
BRDA:39,0,0,318
BRDA:39,0,1,10
BRDA:51,1,0,439
BRDA:51,1,1,5
BRDA:82,2,0,4
BRDA:82,2,1,214
BRDA:108,3,0,1
BRDA:108,3,1,1
BRF:8
BRH:8
end_of_record
TN:
SF:src/validation/balance.ts
FN:25,createIssue
FN:36,parseBalanceTag
FN:49,validateDate
FN:71,validateCurrency
FN:81,validateAmount
FN:91,parseAmount
FN:96,convertDateToISO
FN:104,validateRawBalance
FN:111,(anonymous_8)
FN:125,validateCurrencyConsistency
FN:152,validateStatementBalances
FNF:11
FNH:10
FNDA:7,createIssue
FNDA:434,parseBalanceTag
FNDA:433,validateDate
FNDA:433,validateCurrency
FNDA:433,validateAmount
FNDA:432,parseAmount
FNDA:432,convertDateToISO
FNDA:430,validateRawBalance
FNDA:0,(anonymous_8)
FNDA:219,validateCurrencyConsistency
FNDA:217,validateStatementBalances
DA:4,3
DA:5,3
DA:6,3
DA:33,7
DA:37,434
DA:38,434
DA:40,432
DA:50,433
DA:52,433
DA:53,0
DA:54,0
DA:57,433
DA:58,433
DA:60,433
DA:61,1
DA:64,433
DA:65,1
DA:68,433
DA:72,433
DA:74,433
DA:75,1
DA:78,433
DA:82,433
DA:84,433
DA:85,1
DA:88,433
DA:92,432
DA:93,432
DA:97,432
DA:98,432
DA:99,432
DA:100,432
DA:101,432
DA:105,430
DA:107,430
DA:108,430
DA:109,430
DA:111,430
DA:112,0
DA:115,430
DA:122,430
DA:131,219
DA:132,219
DA:134,219
DA:135,219
DA:136,219
DA:138,219
DA:139,219
DA:140,1
DA:149,219
DA:158,217
DA:160,217
DA:161,1
DA:164,217
DA:165,1
DA:168,217
DA:170,217
LF:57
LH:54
BRDA:38,0,0,2
BRDA:38,0,1,432
BRDA:52,1,0,0
BRDA:52,1,1,433
BRDA:60,2,0,1
BRDA:60,2,1,432
BRDA:60,3,0,433
BRDA:60,3,1,433
BRDA:64,4,0,1
BRDA:64,4,1,432
BRDA:64,5,0,433
BRDA:64,5,1,433
BRDA:74,6,0,1
BRDA:74,6,1,432
BRDA:84,7,0,1
BRDA:84,7,1,432
BRDA:100,8,0,1
BRDA:100,8,1,431
BRDA:111,9,0,0
BRDA:111,9,1,430
BRDA:134,10,0,218
BRDA:134,10,1,1
BRDA:135,11,0,218
BRDA:135,11,1,1
BRDA:136,12,0,0
BRDA:136,12,1,219
BRDA:139,13,0,1
BRDA:139,13,1,218
BRDA:160,14,0,1
BRDA:160,14,1,216
BRDA:164,15,0,1
BRDA:164,15,1,216
BRF:32
BRH:29
end_of_record
TN:
SF:src/validation/continuity.ts
FN:16,createIssue
FN:25,groupStatements
FN:43,sortStatements
FN:44,(anonymous_3)
FN:55,detectDuplicateStatementNumbers
FN:78,detectOutOfOrder
FN:101,validateBalanceContinuity
FN:125,validateContinuity
FN:131,(anonymous_8)
FNF:9
FNH:9
FNDA:4,createIssue
FNDA:3,groupStatements
FNDA:5,sortStatements
FNDA:9,(anonymous_3)
FNDA:5,detectDuplicateStatementNumbers
FNDA:5,detectOutOfOrder
FNDA:5,validateBalanceContinuity
FNDA:2,validateContinuity
FNDA:2,(anonymous_8)
DA:22,4
DA:26,3
DA:28,3
DA:29,7
DA:30,7
DA:31,5
DA:37,7
DA:40,3
DA:44,5
DA:45,9
DA:46,9
DA:47,9
DA:49,4
DA:50,9
DA:51,9
DA:56,5
DA:57,5
DA:59,5
DA:60,8
DA:61,8
DA:63,8
DA:64,1
DA:71,7
DA:75,5
DA:79,5
DA:81,5
DA:82,3
DA:83,3
DA:85,3
DA:86,3
DA:88,3
DA:89,1
DA:98,5
DA:102,5
DA:104,5
DA:105,3
DA:106,3
DA:108,3
DA:109,3
DA:111,3
DA:112,1
DA:122,5
DA:126,2
DA:127,2
DA:128,2
DA:130,2
DA:131,2
DA:132,1
DA:139,2
DA:140,3
DA:141,3
DA:143,3
DA:144,3
DA:145,3
DA:148,2
LF:55
LH:55
BRDA:30,0,0,5
BRDA:30,0,1,2
BRDA:47,1,0,5
BRDA:47,1,1,4
BRDA:49,2,0,4
BRDA:49,2,1,0
BRDA:50,3,0,9
BRDA:50,3,1,0
BRDA:63,4,0,1
BRDA:63,4,1,7
BRDA:88,5,0,1
BRDA:88,5,1,2
BRDA:111,6,0,1
BRDA:111,6,1,2
BRDA:130,7,0,1
BRDA:130,7,1,1
BRF:16
BRH:14
end_of_record
TN:
SF:src/validation/duplicates.ts
FN:39,createStatementKey
FN:51,createTransactionFingerprint
FN:72,detectDuplicateFiles
FN:94,detectDuplicateStatements
FN:118,detectDuplicateTransactions
FN:143,detectAllDuplicates
FN:154,(anonymous_6)
FNF:7
FNH:7
FNDA:4,createStatementKey
FNDA:8,createTransactionFingerprint
FNDA:3,detectDuplicateFiles
FNDA:3,detectDuplicateStatements
FNDA:5,detectDuplicateTransactions
FNDA:1,detectAllDuplicates
FNDA:1,(anonymous_6)
DA:40,4
DA:52,8
DA:73,3
DA:74,3
DA:76,3
DA:77,6
DA:78,6
DA:79,2
DA:87,4
DA:91,3
DA:95,3
DA:96,3
DA:98,3
DA:99,4
DA:100,4
DA:101,4
DA:102,1
DA:111,3
DA:115,3
DA:119,5
DA:120,5
DA:122,5
DA:123,8
DA:124,8
DA:125,8
DA:126,1
DA:136,7
DA:140,5
DA:148,1
DA:149,1
DA:150,1
DA:152,1
DA:154,1
LF:33
LH:33
BRDA:56,0,0,8
BRDA:56,0,1,8
BRDA:58,1,0,7
BRDA:58,1,1,1
BRDA:61,2,0,8
BRDA:61,2,1,6
BRDA:78,3,0,2
BRDA:78,3,1,4
BRDA:101,4,0,1
BRDA:101,4,1,3
BRDA:125,5,0,1
BRDA:125,5,1,7
BRDA:129,6,0,1
BRDA:129,6,1,0
BRF:14
BRH:13
end_of_record
TN:
SF:src/validation/forwardBalance.ts
FN:17,parseBalanceLine
FN:70,parseForwardBalances
FN:115,applyReversalLogic
FNF:3
FNH:3
FNDA:7,parseBalanceLine
FNDA:20,parseForwardBalances
FNDA:4,applyReversalLogic
DA:26,7
DA:27,1
DA:30,6
DA:31,6
DA:32,0
DA:35,6
DA:36,6
DA:37,6
DA:38,6
DA:40,6
DA:41,6
DA:42,6
DA:43,0
DA:46,6
DA:47,7
DA:49,7
DA:50,7
DA:51,0
DA:54,6
DA:56,6
DA:57,6
DA:59,0
DA:62,6
DA:75,20
DA:76,20
DA:77,20
DA:79,20
DA:80,1627
DA:81,1627
DA:82,1627
DA:83,7
DA:84,7
DA:86,7
DA:87,1
DA:95,6
DA:96,6
DA:107,20
DA:123,4
DA:124,4
DA:125,4
LF:40
LH:36
BRDA:26,0,0,1
BRDA:26,0,1,6
BRDA:31,1,0,0
BRDA:31,1,1,6
BRDA:31,2,0,6
BRDA:31,2,1,1
BRDA:42,3,0,0
BRDA:42,3,1,6
BRDA:42,4,0,6
BRDA:42,4,1,6
BRDA:42,4,2,6
BRDA:42,4,3,6
BRDA:46,5,0,0
BRDA:46,5,1,6
BRDA:50,6,0,0
BRDA:50,6,1,7
BRDA:82,7,0,7
BRDA:82,7,1,1620
BRDA:86,8,0,1
BRDA:86,8,1,6
BRDA:95,9,0,6
BRDA:95,9,1,0
BRDA:95,10,0,6
BRDA:95,10,1,6
BRDA:95,10,2,6
BRDA:123,11,0,2
BRDA:123,11,1,2
BRDA:124,12,0,2
BRDA:124,12,1,2
BRF:29
BRH:24
end_of_record
TN:
SF:src/validation/index.ts
FN:27,parseStatementBlocks
FN:144,parse61Content
FN:166,convertTransaction
FN:183,validateFileContent
FN:195,(anonymous_4)
FN:226,(anonymous_5)
FNF:6
FNH:5
FNDA:14,parseStatementBlocks
FNDA:319,parse61Content
FNDA:317,convertTransaction
FNDA:14,validateFileContent
FNDA:0,(anonymous_4)
FNDA:317,(anonymous_5)
DA:28,14
DA:29,14
DA:31,14
DA:32,14
DA:33,14
DA:35,14
DA:36,1618
DA:39,1618
DA:40,215
DA:41,0
DA:42,0
DA:44,215
DA:45,215
DA:46,215
DA:48,215
DA:52,1403
DA:53,1403
DA:54,215
DA:55,0
DA:56,0
DA:58,215
DA:59,215
DA:65,215
DA:68,1188
DA:71,973
DA:72,973
DA:73,215
DA:74,215
DA:75,215
DA:79,758
DA:80,758
DA:81,215
DA:82,215
DA:83,215
DA:84,215
DA:86,215
DA:90,543
DA:91,543
DA:92,319
DA:93,319
DA:94,319
DA:95,319
DA:99,224
DA:100,1
DA:101,1
DA:105,223
DA:106,223
DA:107,8
DA:108,8
DA:109,8
DA:113,215
DA:114,215
DA:115,215
DA:116,213
DA:117,213
DA:119,215
DA:120,215
DA:121,215
DA:122,215
DA:124,215
DA:128,0
DA:129,0
DA:130,0
DA:131,0
DA:132,0
DA:133,0
DA:135,0
DA:139,14
DA:140,14
DA:141,14
DA:145,319
DA:148,319
DA:149,2
DA:152,317
DA:153,319
DA:167,317
DA:188,14
DA:189,14
DA:192,14
DA:193,14
DA:195,14
DA:198,14
DA:199,14
DA:202,14
DA:203,14
DA:206,14
DA:208,14
DA:209,215
DA:210,215
DA:213,215
DA:219,215
DA:220,0
DA:224,215
DA:226,317
DA:227,215
DA:233,215
DA:234,3
DA:238,215
DA:251,215
LF:99
LH:87
BRDA:39,0,0,215
BRDA:39,0,1,1403
BRDA:40,1,0,0
BRDA:40,1,1,215
BRDA:40,2,0,215
BRDA:40,2,1,0
BRDA:44,3,0,215
BRDA:44,3,1,0
BRDA:53,4,0,215
BRDA:53,4,1,1188
BRDA:54,5,0,0
BRDA:54,5,1,215
BRDA:54,6,0,215
BRDA:54,6,1,0
BRDA:58,7,0,0
BRDA:58,7,1,215
BRDA:68,8,0,215
BRDA:68,8,1,973
BRDA:72,9,0,215
BRDA:72,9,1,758
BRDA:74,10,0,215
BRDA:74,10,1,0
BRDA:80,11,0,215
BRDA:80,11,1,543
BRDA:82,12,0,215
BRDA:82,12,1,0
BRDA:84,13,0,215
BRDA:84,13,1,0
BRDA:91,14,0,319
BRDA:91,14,1,224
BRDA:92,15,0,104
BRDA:92,15,1,215
BRDA:99,16,0,1
BRDA:99,16,1,223
BRDA:99,17,0,224
BRDA:99,17,1,222
BRDA:99,17,2,216
BRDA:99,17,3,1
BRDA:106,18,0,8
BRDA:106,18,1,215
BRDA:106,19,0,223
BRDA:106,19,1,8
BRDA:114,20,0,215
BRDA:114,20,1,0
BRDA:115,21,0,213
BRDA:115,21,1,2
BRDA:120,22,0,215
BRDA:120,22,1,0
BRDA:122,23,0,215
BRDA:122,23,1,0
BRDA:129,24,0,0
BRDA:129,24,1,0
BRDA:131,25,0,0
BRDA:131,25,1,0
BRDA:133,26,0,0
BRDA:133,26,1,0
BRDA:139,27,0,0
BRDA:139,27,1,14
BRDA:139,28,0,14
BRDA:139,28,1,0
BRDA:140,29,0,0
BRDA:140,29,1,14
BRDA:148,30,0,2
BRDA:148,30,1,317
BRDA:148,31,0,319
BRDA:148,31,1,317
BRDA:148,31,2,317
BRDA:152,32,0,0
BRDA:152,32,1,317
BRDA:155,33,0,319
BRDA:155,33,1,0
BRDA:161,34,0,319
BRDA:161,34,1,0
BRDA:162,35,0,319
BRDA:162,35,1,0
BRDA:169,36,0,312
BRDA:169,36,1,5
BRDA:170,37,0,317
BRDA:170,37,1,310
BRDA:178,38,0,317
BRDA:178,38,1,310
BRDA:210,39,0,215
BRDA:210,39,1,0
BRDA:210,39,2,0
BRDA:224,40,0,215
BRDA:224,40,1,0
BRDA:224,41,0,215
BRDA:224,41,1,215
BRF:88
BRH:60
end_of_record
TN:
SF:src/validation/merge.ts
FN:8,analyzeMergeEligibility
FN:18,analyzeMultiMessageMerge
FN:34,(anonymous_2)
FN:43,(anonymous_3)
FN:54,analyzeSingleStatementMerge
FN:79,(anonymous_5)
FN:88,(anonymous_6)
FN:97,(anonymous_7)
FN:106,(anonymous_8)
FN:134,(anonymous_9)
FNF:10
FNH:10
FNDA:22,analyzeMergeEligibility
FNDA:22,analyzeMultiMessageMerge
FNDA:7,(anonymous_2)
FNDA:7,(anonymous_3)
FNDA:22,analyzeSingleStatementMerge
FNDA:2,(anonymous_5)
FNDA:20,(anonymous_6)
FNDA:20,(anonymous_7)
FNDA:10,(anonymous_8)
FNDA:2,(anonymous_9)
DA:12,22
DA:13,22
DA:15,22
DA:22,22
DA:23,22
DA:25,22
DA:26,1
DA:31,1
DA:34,21
DA:35,21
DA:36,6
DA:43,21
DA:45,21
DA:46,21
DA:58,22
DA:59,22
DA:61,22
DA:62,1
DA:67,1
DA:70,21
DA:71,11
DA:79,10
DA:80,10
DA:81,2
DA:88,20
DA:89,10
DA:90,4
DA:97,20
DA:98,10
DA:99,1
DA:106,10
DA:107,10
DA:110,10
DA:111,10
DA:112,10
DA:114,10
DA:115,10
DA:117,10
DA:118,5
DA:125,10
DA:126,2
DA:134,10
DA:136,10
DA:137,10
LF:44
LH:44
BRDA:25,0,0,1
BRDA:25,0,1,21
BRDA:35,1,0,6
BRDA:35,1,1,15
BRDA:48,2,0,15
BRDA:48,2,1,6
BRDA:61,3,0,1
BRDA:61,3,1,21
BRDA:70,4,0,11
BRDA:70,4,1,10
BRDA:80,5,0,2
BRDA:80,5,1,8
BRDA:89,6,0,4
BRDA:89,6,1,6
BRDA:98,7,0,1
BRDA:98,7,1,9
BRDA:117,8,0,5
BRDA:117,8,1,5
BRDA:125,9,0,2
BRDA:125,9,1,8
BRDA:139,10,0,2
BRDA:139,10,1,8
BRF:22
BRH:22
end_of_record
TN:
SF:src/validation/structural.ts
FN:19,findTags
FN:34,groupIntoStatements
FN:71,validateStructure
FN:103,(anonymous_3)
FNF:4
FNH:4
FNDA:23,findTags
FNDA:22,groupIntoStatements
FNDA:23,validateStructure
FNDA:224,(anonymous_3)
DA:20,23
DA:21,23
DA:23,23
DA:24,1659
DA:25,1659
DA:26,1659
DA:27,1442
DA:31,23
DA:35,22
DA:36,22
DA:38,22
DA:39,1442
DA:40,224
DA:41,202
DA:42,202
DA:44,224
DA:54,1218
DA:55,1218
DA:56,1218
DA:57,1218
DA:58,1218
DA:59,1218
DA:60,1218
DA:64,22
DA:65,22
DA:68,22
DA:76,23
DA:77,23
DA:79,23
DA:80,1
DA:87,1
DA:90,22
DA:92,22
DA:93,0
DA:100,0
DA:103,22
DA:104,224
DA:106,224
DA:107,2
DA:116,224
DA:117,1
DA:126,224
DA:127,1
DA:136,224
DA:137,1
DA:147,22
LF:46
LH:44
BRDA:26,0,0,1442
BRDA:26,0,1,217
BRDA:39,1,0,224
BRDA:39,1,1,1218
BRDA:40,2,0,202
BRDA:40,2,1,22
BRDA:54,3,0,1218
BRDA:54,3,1,0
BRDA:56,4,0,222
BRDA:56,4,1,996
BRDA:57,5,0,222
BRDA:57,5,1,996
BRDA:58,6,0,1
BRDA:58,6,1,1217
BRDA:59,7,0,223
BRDA:59,7,1,995
BRDA:59,8,0,1218
BRDA:59,8,1,995
BRDA:60,9,0,223
BRDA:60,9,1,995
BRDA:60,10,0,1218
BRDA:60,10,1,995
BRDA:64,11,0,22
BRDA:64,11,1,0
BRDA:79,12,0,1
BRDA:79,12,1,22
BRDA:92,13,0,0
BRDA:92,13,1,22
BRDA:106,14,0,2
BRDA:106,14,1,222
BRDA:116,15,0,1
BRDA:116,15,1,223
BRDA:116,16,0,224
BRDA:116,16,1,2
BRDA:126,17,0,1
BRDA:126,17,1,223
BRDA:136,18,0,1
BRDA:136,18,1,223
BRF:38
BRH:35
end_of_record
TN:
SF:src/validation/swiftBlock.ts
FN:23,isSwiftWrapped
FN:27,parseSwiftBlocks
FN:58,extractMT940Content
FN:82,parseSwiftContent
FN:102,unwrapSwiftContent
FNF:5
FNH:5
FNDA:7,isSwiftWrapped
FNDA:5,parseSwiftBlocks
FNDA:4,extractMT940Content
FNDA:4,parseSwiftContent
FNDA:2,unwrapSwiftContent
DA:20,1
DA:21,1
DA:24,7
DA:28,5
DA:31,5
DA:32,5
DA:33,14
DA:34,14
DA:36,14
DA:38,5
DA:39,5
DA:41,4
DA:42,4
DA:44,0
DA:45,0
DA:47,5
DA:48,5
DA:50,0
DA:51,0
DA:55,5
DA:59,4
DA:60,1
DA:63,3
DA:65,3
DA:66,0
DA:67,3
DA:68,3
DA:71,3
DA:72,0
DA:73,3
DA:74,0
DA:75,3
DA:76,0
DA:79,3
DA:83,4
DA:85,4
DA:86,2
DA:92,2
DA:93,2
DA:95,2
DA:103,2
DA:104,2
LF:42
LH:34
BRDA:36,0,0,5
BRDA:36,0,1,4
BRDA:36,0,2,0
BRDA:36,0,3,5
BRDA:36,0,4,0
BRDA:59,1,0,1
BRDA:59,1,1,3
BRDA:65,2,0,0
BRDA:65,2,1,3
BRDA:67,3,0,3
BRDA:67,3,1,0
BRDA:71,4,0,0
BRDA:71,4,1,3
BRDA:73,5,0,0
BRDA:73,5,1,3
BRDA:75,6,0,0
BRDA:75,6,1,3
BRDA:85,7,0,2
BRDA:85,7,1,2
BRDA:98,8,0,2
BRDA:98,8,1,0
BRF:21
BRH:13
end_of_record
TN:
SF:src/validation/transaction.ts
FN:34,parseLines
FN:64,parseDate
FN:82,parseAmount
FN:91,parse61Line
FN:184,validateTransactions
FNF:5
FNH:5
FNDA:26,parseLines
FNDA:645,parseDate
FNDA:645,parseAmount
FNDA:651,parse61Line
FNDA:26,validateTransactions
DA:35,26
DA:36,26
DA:37,26
DA:38,26
DA:39,26
DA:41,26
DA:42,1634
DA:43,1634
DA:45,1634
DA:46,1416
DA:47,1391
DA:49,1416
DA:50,1416
DA:51,1416
DA:52,218
DA:53,216
DA:57,26
DA:58,25
DA:61,26
DA:65,645
DA:67,645
DA:68,645
DA:69,645
DA:71,645
DA:72,645
DA:74,645
DA:75,0
DA:78,645
DA:79,645
DA:83,645
DA:84,645
DA:85,645
DA:87,0
DA:101,651
DA:105,651
DA:106,6
DA:107,6
DA:110,645
DA:111,645
DA:112,645
DA:113,0
DA:116,645
DA:120,645
DA:121,645
DA:122,15
DA:123,15
DA:124,15
DA:125,15
DA:126,15
DA:127,15
DA:128,15
DA:129,15
DA:135,645
DA:136,645
DA:137,645
DA:138,645
DA:139,645
DA:140,645
DA:141,645
DA:143,0
DA:147,645
DA:149,645
DA:150,645
DA:151,645
DA:152,645
DA:153,645
DA:155,0
DA:158,0
DA:162,645
DA:164,645
DA:165,645
DA:166,645
DA:170,645
DA:172,645
DA:189,26
DA:190,26
DA:191,26
DA:193,26
DA:194,26
DA:195,26
DA:196,26
DA:198,26
DA:199,1416
DA:201,1416
DA:202,332
DA:204,332
DA:205,4
DA:215,332
DA:217,328
DA:219,328
DA:232,328
DA:233,8
DA:234,8
DA:237,328
DA:238,328
DA:239,319
DA:240,319
DA:242,9
DA:243,9
DA:249,26
DA:258,26
LF:101
LH:95
BRDA:45,0,0,1416
BRDA:45,0,1,218
BRDA:46,1,0,1391
BRDA:46,1,1,25
BRDA:52,2,0,216
BRDA:52,2,1,2
BRDA:52,3,0,218
BRDA:52,3,1,216
BRDA:57,4,0,25
BRDA:57,4,1,1
BRDA:65,5,0,0
BRDA:65,5,1,645
BRDA:74,6,0,0
BRDA:74,6,1,645
BRDA:74,7,0,645
BRDA:74,7,1,645
BRDA:74,7,2,645
BRDA:74,7,3,645
BRDA:78,8,0,0
BRDA:78,8,1,645
BRDA:105,9,0,6
BRDA:105,9,1,645
BRDA:112,10,0,0
BRDA:112,10,1,645
BRDA:121,11,0,15
BRDA:121,11,1,630
BRDA:126,12,0,15
BRDA:126,12,1,0
BRDA:126,13,0,15
BRDA:126,13,1,15
BRDA:126,13,2,15
BRDA:126,13,3,15
BRDA:127,14,0,15
BRDA:127,14,1,0
BRDA:137,15,0,645
BRDA:137,15,1,0
BRDA:149,16,0,645
BRDA:149,16,1,0
BRDA:151,17,0,645
BRDA:151,17,1,0
BRDA:164,18,0,645
BRDA:164,18,1,0
BRDA:201,19,0,332
BRDA:201,19,1,1084
BRDA:215,20,0,328
BRDA:215,20,1,4
BRDA:215,21,0,332
BRDA:215,21,1,328
BRDA:217,22,0,4
BRDA:217,22,1,324
BRDA:221,23,0,328
BRDA:221,23,1,0
BRDA:227,24,0,328
BRDA:227,24,1,0
BRDA:228,25,0,328
BRDA:228,25,1,0
BRDA:232,26,0,8
BRDA:232,26,1,320
BRDA:232,27,0,328
BRDA:232,27,1,320
BRDA:238,28,0,319
BRDA:238,28,1,9
BRF:62
BRH:49
end_of_record
TN:
SF:src/workers/parseService.ts
FN:18,getWorker
FN:33,parseInMainThread
FN:59,parseInWorker
FN:65,(anonymous_3)
FN:72,(anonymous_4)
FN:96,parseFile
FN:116,isWorkerSupported
FN:122,terminateWorker
FNF:8
FNH:0
FNDA:0,getWorker
FNDA:0,parseInMainThread
FNDA:0,parseInWorker
FNDA:0,(anonymous_3)
FNDA:0,(anonymous_4)
FNDA:0,parseFile
FNDA:0,isWorkerSupported
FNDA:0,terminateWorker
DA:15,0
DA:16,0
DA:19,0
DA:21,0
DA:23,0
DA:24,0
DA:25,0
DA:26,0
DA:28,0
DA:29,0
DA:39,0
DA:41,0
DA:42,0
DA:44,0
DA:46,0
DA:47,0
DA:48,0
DA:50,0
DA:52,0
DA:65,0
DA:66,0
DA:67,0
DA:68,0
DA:69,0
DA:72,0
DA:73,0
DA:74,0
DA:76,0
DA:77,0
DA:78,0
DA:79,0
DA:80,0
DA:85,0
DA:86,0
DA:87,0
DA:91,0
DA:92,0
DA:102,0
DA:104,0
DA:105,0
DA:106,0
DA:107,0
DA:109,0
DA:113,0
DA:117,0
DA:118,0
DA:119,0
DA:123,0
DA:124,0
DA:125,0
LF:50
LH:0
BRDA:19,0,0,0
BRDA:19,0,1,0
BRDA:21,1,0,0
BRDA:21,1,1,0
BRDA:67,2,0,0
BRDA:67,2,1,0
BRDA:74,3,0,0
BRDA:74,3,1,0
BRDA:76,4,0,0
BRDA:76,4,1,0
BRDA:78,5,0,0
BRDA:78,5,1,0
BRDA:85,6,0,0
BRDA:85,6,1,0
BRDA:105,7,0,0
BRDA:105,7,1,0
BRDA:117,8,0,0
BRDA:117,8,1,0
BRDA:123,9,0,0
BRDA:123,9,1,0
BRF:20
BRH:0
end_of_record
TN:
SF:src/workers/parseWorker.ts
FN:36,(anonymous_0)
FNF:1
FNH:0
FNDA:0,(anonymous_0)
DA:36,0
DA:37,0
DA:39,0
DA:41,0
DA:42,0
DA:44,0
DA:45,0
DA:47,0
DA:49,0
DA:50,0
DA:51,0
DA:53,0
DA:55,0
DA:63,0
LF:14
LH:0
BRDA:39,0,0,0
BRDA:39,0,1,0
BRDA:66,1,0,0
BRDA:66,1,1,0
BRF:4
BRH:0
end_of_record
